
heart_beat_kill_pid = 45722
heart_beat_timeout = 11
heart: Mon Aug 31 20:15:14 2015: heart-beat time-out, no activity for 3595 seconds
heart: Mon Aug 31 20:15:15 2015: Executed "/usr/local/Cellar/couchdb/1.6.1_1/bin/couchdb -k" -> 0. Terminating.

heart_beat_kill_pid = 49220
heart_beat_timeout = 11
heart: Tue Sep  1 19:16:19 2015: heart-beat time-out, no activity for 3597 seconds
heart: Tue Sep  1 19:16:20 2015: Executed "/usr/local/Cellar/couchdb/1.6.1_1/bin/couchdb -k" -> 0. Terminating.

heart_beat_kill_pid = 59129
heart_beat_timeout = 11
heart: Wed Sep  2 13:40:48 2015: heart-beat time-out, no activity for 2015 seconds
heart: Wed Sep  2 13:40:49 2015: Executed "/usr/local/Cellar/couchdb/1.6.1_1/bin/couchdb -k" -> 0. Terminating.

heart_beat_kill_pid = 22023
heart_beat_timeout = 11

heart_beat_kill_pid = 22149
heart_beat_timeout = 11
heart: Thu Feb 11 18:44:38 2016: heart-beat time-out, no activity for 874 seconds
heart: Thu Feb 11 18:44:39 2016: Executed "/usr/local/Cellar/couchdb/1.6.1_1/bin/couchdb -k" -> 0. Terminating.

heart_beat_kill_pid = 27886
heart_beat_timeout = 11
heart: Tue Feb 16 19:04:01 2016: heart-beat time-out, no activity for 3599 seconds
heart: Tue Feb 16 19:04:02 2016: Executed "/usr/local/Cellar/couchdb/1.6.1_1/bin/couchdb -k" -> 0. Terminating.

heart_beat_kill_pid = 69542
heart_beat_timeout = 11
heart: Thu Mar 10 19:04:23 2016: heart-beat time-out, no activity for 3595 seconds
heart: Thu Mar 10 19:04:24 2016: Executed "/usr/local/Cellar/couchdb/1.6.1_1/bin/couchdb -k" -> 0. Terminating.

heart_beat_kill_pid = 93263
heart_beat_timeout = 11
heart: Mon Oct 17 20:20:42 2016: heart-beat time-out, no activity for 7903 seconds
heart: Mon Oct 17 20:20:43 2016: Executed "/usr/local/Cellar/couchdb/1.6.1_1/bin/couchdb -k" -> 0. Terminating.

heart_beat_kill_pid = 18186
heart_beat_timeout = 11
heart: Wed Oct 19 18:43:36 2016: heart-beat time-out, no activity for 2946 seconds
heart: Wed Oct 19 18:43:37 2016: Executed "/usr/local/Cellar/couchdb/1.6.1_1/bin/couchdb -k" -> 0. Terminating.

heart_beat_kill_pid = 11827
heart_beat_timeout = 11
